
> pomp_client@0.1.0 start /home/ubuntu/git/pomp/pomp_client
> react-scripts start

[HPM] Proxy created: /  -> http://.leed.at
[34mℹ[39m [90m｢wds｣[39m: Project is running at http://10.5.0.13/
[34mℹ[39m [90m｢wds｣[39m: webpack output is served from 
[34mℹ[39m [90m｢wds｣[39m: Content not from webpack is served from /home/ubuntu/git/pomp/pomp_client/public
[34mℹ[39m [90m｢wds｣[39m: 404s will fallback to /
Starting the development server...

Compiled with warnings.

src/components/ExtLoginPage/ExtLoginPage.js
  Line 1:10:  'chrome' is defined but never used  no-unused-vars

src/components/FormData/FormData.js
  Line 53:44:  Array.prototype.map() expects a value to be returned at the end of arrow function  array-callback-return

Search for the keywords to learn more about each warning.
To ignore, add // eslint-disable-next-line to the line before.

[HPM] Error occurred while trying to proxy request /api/auth/user from localhost:3000 to http://.leed.at (ENOTFOUND) (https://nodejs.org/api/errors.html#errors_common_system_errors)
The build failed because the process exited too early. This probably means the system ran out of memory or someone called `kill -9` on the process.
npm ERR! code ELIFECYCLE
npm ERR! errno 1
npm ERR! pomp_client@0.1.0 start: `react-scripts start`
npm ERR! Exit status 1
npm ERR! 
npm ERR! Failed at the pomp_client@0.1.0 start script.
npm ERR! This is probably not a problem with npm. There is likely additional logging output above.

npm ERR! A complete log of this run can be found in:
npm ERR!     /home/ubuntu/.npm/_logs/2021-01-13T15_00_50_979Z-debug.log
